Log: Log file open, 01/17/26 16:24:10
Init: Name subsystem initialized
Init: Version: 227 Subversion: 10
Init: Compiled: Jun 23 2022 22:16:32
Init: Command line: 
Init: Base directory: G:\Games\UG227\System\
Init: Character set: Unicode
Log: Bound to Engine.dll
Log: Bound to Core.dll
Log: Bound to Window.dll
Init: Object subsystem initialized
Init: OS: Windows
Init: Computer: ARLEEN
Init: User: Admin
Init: Memory total: Phys=4194303K Pagef=4194303K Virt=4194176K
Init: Working set: 32000 / 159000
Init: Timer Frequency=3400.000000 MHz - Timing Source = RDTSC
Init: CPU Page size=4096, Processors / Cores=16
Init: CPU Detected: AMD Ryzen 7 5700X 8-Core Processor             
Init: CPU Features: MMX SSE SSE2 SSE3 SSSE3 SSE41 SSE42 SSE4A MMXPLUS
Log: Not forcing CPU affinity.
Log: Can't create FileReader for ..\Help\Logo.bmp
Warning: Splash screen bitmap '..\Help\Logo.bmp' not found!
Init: Unreal engine initialized
Log: Bound to PhysXPhysics.dll
PhysX: Initializing PhysX physics engine (ver 4.1.1)!
Log: Bound to WinDrv.dll
Init: Enhanced Pointer Precision Disabled
Init: Initializing DirectDraw
Init: DirectDraw drivers detected:
Init:    display (Primary Display Driver)
Init: DirectDraw: Enumerated Display Modes:
Init: DirectDraw: Mode 640x480x32
Init: DirectDraw: Mode 720x480x32
Init: DirectDraw: Mode 720x576x32
Init: DirectDraw: Mode 800x600x32
Init: DirectDraw: Mode 1024x768x32
Init: DirectDraw: Mode 1152x864x32
Init: DirectDraw: Mode 1176x664x32
Init: DirectDraw: Mode 1280x720x32
Init: DirectDraw: Mode 1280x768x32
Init: DirectDraw: Mode 1280x800x32
Init: DirectDraw: Mode 1280x960x32
Init: DirectDraw: Mode 1280x1024x32
Init: DirectDraw: Mode 1360x768x32
Init: DirectDraw: Mode 1366x768x32
Init: DirectDraw: Mode 1440x1080x32
Init: DirectDraw: Mode 1600x900x32
Init: DirectDraw: Mode 1600x1024x32
Init: DirectDraw: Mode 1600x1200x32
Init: DirectDraw: Mode 1680x1050x32
Init: DirectDraw: Mode 1920x1080x32
Init: DirectDraw: Mode 1920x1200x32
Init: DirectDraw: Mode 1920x1440x32
Init: DirectDraw: Mode 2560x1440x32
Init: DirectDraw: Mode 1440x900x32
Init: DirectDraw initialized successfully
Init: Unregistering Mouse for RawInput.
Init: RawInput Devices registered.
Init: Client initialized
Log: Bound to Render.dll
Init: Lighting subsystem initialized
Init: Rendering initialized
Log: LoadMap: EntryII.unr
Log: Bound to Fire.dll
Log: Bound to Emitter.dll
Log: Bound to Editor.dll
Log: Bringing Level EntryII.MyLevel up for play (0)...
PhysX: New PhysX scene 1CB6FA20 - Level EntryII.MyLevel
ScriptLog: InitGame: 
ScriptLog: Difficulty 1
ScriptLog: Base Mutator is EntryII.Mutator
Log: Browse: Unreal.unr?Name=Arleen?Class=UnrealShare.FemaleOne?Team=255?Skin=Female1Skins.Gina?Face=
Log: LoadMap: Unreal.unr?Name=Arleen?Class=UnrealShare.FemaleOne?Team=255?Skin=Female1Skins.Gina?Face=
Log: Bringing Level Unreal.MyLevel up for play (0)...
PhysX: New PhysX scene 1CB6EBE0 - Level Unreal.MyLevel
ScriptLog: InitGame: ?Name=Arleen?Class=UnrealShare.FemaleOne?Team=255?Skin=Female1Skins.Gina?Face=
ScriptLog: Difficulty 1
ScriptLog: Base Mutator is Unreal.Mutator
Log: Bound to IpDrv.dll
Log: Possessed PlayerPawn: FemaleOne Unreal.FemaleOne
ServerLog: All inventory from Arleen is accepted
Init: Input system initialized for WindowsViewport
Log: Opened viewport
Log: Bound to OpenGLDrv.dll
Init: Registering Mouse for RawInput.
Init: Using RIDEV_CAPTUREMOUSE
Init: RawInput Devices registered.
Init: GL_VENDOR     : NVIDIA Corporation
Init: GL_RENDERER   : NVIDIA GeForce RTX 4060 Ti/PCIe/SSE2
Init: GL_VERSION    : 4.6.0 NVIDIA 576.40
Init: Device supports: GL_EXT_bgra
Init: Device supports: GL_ARB_texture_compression
Init: Device supports: GL_EXT_texture_compression_s3tc
Init: Device supports: GL_EXT_texture_env_combine
Init: Device supports: GL_ARB_texture_env_combine
Init: Device supports: GL_EXT_texture_filter_anisotropic
Init: Device supports: GL_NV_texture_env_combine4
Init: Device supports: GL_EXT_texture_lod_bias
Init: Device supports: GL_EXT_secondary_color
Init: Device supports: GL_ARB_multitexture
Init: Device supports: GL_EXT_multi_draw_arrays
Init: Device supports: GL_ARB_vertex_program
Init: Device supports: GL_ARB_fragment_program
Init: Depth bits: 24
Init: AA samples: 4
Log: 4 Texture Mapping Units found
Log: MaxAnisotropy: 16
Log: Trying to use S3TC extension.
Log: MaxTextureSize: 32768
Log: MinLogTextureSize: 2
Log: MaxLogTextureSize: 15
Log: BufferActorTris: 1
Log: UseDetailAlpha: 1
Log: Bound to ALAudio.dll
Init: ALAudio: Trying to autodetect HRTF. Note: Autodetection may only work with USB headphones.
Init: ALAudio: We are using OpenAL device: OpenAL Soft 
Init: ALAudio: OutputRateNum 5(44100 Hz) SampleRateNum 5 (44100 Hz)
Init: ALAudio: Can't set OutputRate of 44100, using system (OS) defaults of 48000.
Some backends don't support setting custom rates for specific applications (MMDevAPI or ALSA without dmix).
In this case setting something higher than what the system is outputting is unnecessary since it's just going to be downsampled for output anyway,
and setting it lower is just going to make it get upsampled after OpenAL Soft has already applied its filters and effects.
Adjust your system settings instead.
Init: ALAudio: Audio hardware supports 255 mono (usually sound) and 1 stereo (usually music) sources.
Init: ALAudio: auto matched SampleRate (48000 Hz) to OutputRate (48000 Hz).
Init: ALAudio: OpenALSoft extension ALC_SOFT_HRTF found.
Init: ALAudio: HRTF is disabled.
Init: OpenAL Effects extension version 1.0 found.
Init: ALAudio: EFX initialized.
Init: ALAudio: Version 1.1 ALSOFT 1.22.1 found
Init: ALAudio subsystem initialized.
Init: Game engine initialized
Log: Startup time: 0.835805 seconds
Warning: FIREWALL: Freed Windows Firewall Object
ScriptLog: Creating root window: UMenu.UMenuRootWindow
Log: Bound to UWebAdmin.dll
Warning: Missing Function UMenu.UnrealConsole.NotifyLevelChange when loading Package UTMenu
Log: ALAudio: playing flyby Flightcastle (Impulse Tracker 2.14v3 IT 1.00)
Init: Registering Mouse for RawInput.
Init: RawInput Devices registered.
Log: SetClientTravel: ?load=2 0
Init: Registering Mouse for RawInput.
Init: Using RIDEV_CAPTUREMOUSE
Init: RawInput Devices registered.
Log: URL: Adding default option Name=Arleen
Log: URL: Adding default option Class=UnrealShare.FemaleOne
Log: URL: Adding default option Team=255
Log: URL: Adding default option Skin=Female1Skins.Gina
Log: URL: Adding default option Face=
Log: Browse: Index.unr?load=2?Name=Arleen?Class=UnrealShare.FemaleOne?Team=255?Skin=Female1Skins.Gina?Face=
Log: Loading save game ..\Save\Save2.usa?load
Log: LoadMap: ..\Save\Save2.usa?Name=Arleen?Class=UnrealShare.FemaleOne?Team=255?Skin=Female1Skins.Gina?Face=?load
Log: Bound to UPak.dll
AdminAccessManager: Administrator Arleen logged out
PhysX: End PhysX scene 1CB6EBE0 - Unreal.MyLevel
PhysX: New PhysX scene 26860240 - Level duskfalls.MyLevel
Log: Spawning new actor for Viewport WindowsViewport
ScriptLog: ///////////////////////////////////////////////////
ScriptLog: Player class (UnrealShare.FemaleOne) is not a UPakPlayer.
ScriptLog: Adjusting player class.
ScriptLog: ///////////////////////////////////////////////////
Log: Possessed PlayerPawn: UPakFemaleOne duskfalls.UPakFemaleOne
Init: Registering Mouse for RawInput.
Init: RawInput Devices registered.
pnze: -2144.000000
pnze: -2144.000000
pnze: -2144.000000
pnze: -2144.000000
pnze: -2144.000000
pnze: -2144.000000
pnze: -2144.000000
pnze: -2144.000000
pnze: -2144.000000
pnze: -2144.000000
pnze: -2144.000000
pnze: -2144.000000
pnze: -2144.000000
pnze: -2144.000000
pnze: -2144.000000
pnze: -2144.000000
pnze: -2144.000000
pnze: -2144.000000
pnze: -2144.000000
pnze: -2144.000000
pnze: -2144.000000
pnze: -2144.000000
pnze: -2144.000000
pnze: -2144.000000
pnze: -2144.000000
pnze: -2144.000000
pnze: -2144.000000
pnze: -2016.000000
pnze: -1888.000000
pnze: -1888.000000
pnze: -1888.000000
pnze: -1888.000000
pnze: -1888.000000
pnze: -1888.000000
pnze: -1888.000000
pnze: -288.000000
pnze: -288.000000
pnze: -288.000000
pnze: -288.000000
pnze: -288.000000
pnze: -288.000000
pnze: -288.000000
pnze: -304.000000
pnze: -320.000000
pnze: -320.000000
pnze: -352.000000
pnze: -320.000000
pnze: -352.000000
pnze: -336.000000
pnze: -368.000000
pnze: -384.000000
pnze: -400.000000
pnze: -288.000000
pnze: -288.000000
pnze: -352.000000
pnze: -400.000000
pnze: -400.000000
pnze: -352.000000
pnze: -304.000000
pnze: -288.000000
pnze: -288.000000
pnze: -384.000000
pnze: -400.000000
pnze: -352.000000
pnze: -304.000000
pnze: -288.000000
pnze: -288.000000
pnze: -288.000000
pnze: -288.000000
pnze: -288.000000
pnze: -288.000000
pnze: -256.000000
pnze: -160.000000
pnze: -32.000000
pnze: -32.000000
pnze: -32.000000
pnze: -32.000000
pnze: -32.000000
pnze: -1280.000000
pnze: -1280.000000
pnze: -1296.000000
pnze: -1312.000000
pnze: -1312.000000
pnze: -1312.000000
pnze: -1312.000000
pnze: -1312.000000
pnze: -1424.000000
pnze: -1536.000000
pnze: -1536.000000
pnze: -1552.000000
pnze: -1568.000000
pnze: -1568.000000
pnze: -1568.000000
pnze: -1568.000000
pnze: -1568.000000
pnze: -1568.000000
pnze: -1568.000000
pnze: -1568.000000
pnze: -1568.000000
pnze: -1568.000000
pnze: -1568.000000
pnze: -1568.000000
pnze: -1568.000000
pnze: -1568.000000
pnze: -1568.000000
pnze: -1616.000000
pnze: -1696.000000
pnze: -1808.000000
pnze: -1920.000000
pnze: -2032.000000
pnze: -2128.000000
pnze: -2224.000000
pnze: -2288.000000
pnze: -2368.000000
pnze: -2368.000000
pnze: -2368.000000
pnze: -2368.000000
pnze: -2368.000000
pnze: -2368.000000
pnze: -2368.000000
pnze: -2368.000000
pnze: -2368.000000
pnze: -2384.000000
pnze: -2416.000000
pnze: -2384.000000
pnze: -2368.000000
pnze: -2368.000000
pnze: -2368.000000
pnze: -2368.000000
pnze: -2464.000000
pnze: -2512.000000
pnze: -2528.000000
pnze: -2592.000000
pnze: -2672.000000
pnze: -2736.000000
pnze: -2768.000000
pnze: -2768.000000
pnze: -2768.000000
pnze: -2768.000000
pnze: -2768.000000
pnze: -2768.000000
pnze: -2768.000000
pnze: -2768.000000
pnze: -2640.000000
pnze: -2528.000000
pnze: -2400.000000
pnze: -2368.000000
pnze: -2368.000000
pnze: -2448.000000
pnze: -2496.000000
pnze: -2560.000000
pnze: -2560.000000
pnze: -2496.000000
pnze: -2560.000000
pnze: -2560.000000
pnze: -2560.000000
pnze: -2560.000000
pnze: -2560.000000
pnze: -2560.000000
pnze: -2560.000000
pnze: -2560.000000
pnze: -2560.000000
pnze: -2544.000000
pnze: -2544.000000
pnze: -2544.000000
pnze: -2544.000000
pnze: -2560.000000
pnze: -2560.000000
pnze: -2560.000000
pnze: -2560.000000
pnze: -2560.000000
pnze: -2560.000000
pnze: -2560.000000
pnze: -2560.000000
pnze: -2560.000000
pnze: -2640.000000
pnze: -2736.000000
pnze: -2832.000000
pnze: -2944.000000
pnze: -2960.000000
pnze: -2960.000000
pnze: -2960.000000
pnze: -2960.000000
pnze: -2960.000000
pnze: -2960.000000
pnze: -2960.000000
pnze: -2960.000000
pnze: -2960.000000
pnze: -2960.000000
pnze: -2960.000000
pnze: -2960.000000
pnze: -2960.000000
pnze: -2896.000000
pnze: -2800.000000
pnze: -2704.000000
pnze: -2624.000000
pnze: -2560.000000
pnze: -2496.000000
pnze: -2384.000000
pnze: -2256.000000
pnze: -2160.000000
pnze: -2160.000000
pnze: -2160.000000
pnze: -2160.000000
pnze: -2160.000000
pnze: -2144.000000
pnze: -2144.000000
pnze: -2144.000000
pnze: -2144.000000
pnze: -2144.000000
pnze: -5760.000000
pnze: -5760.000000
pnze: -5760.000000
pnze: -5760.000000
pnze: -5760.000000
pnze: -5760.000000
pnze: -5760.000000
pnze: -5760.000000
pnze: -5760.000000
pnze: -5760.000000
pnze: -5776.000000
pnze: -5824.000000
pnze: -5888.000000
pnze: -5968.000000
pnze: -5968.000000
pnze: -5968.000000
pnze: -5968.000000
pnze: -5968.000000
pnze: -5968.000000
pnze: -5968.000000
pnze: -5968.000000
pnze: -5952.000000
pnze: -5952.000000
pnze: -5952.000000
pnze: -5952.000000
pnze: -5952.000000
pnze: -5952.000000
pnze: -5952.000000
pnze: -5952.000000
pnze: -5952.000000
pnze: -5952.000000
pnze: -5952.000000
pnze: -5952.000000
pnze: -5952.000000
pnze: -5952.000000
pnze: -5952.000000
pnze: -5952.000000
pnze: -5952.000000
pnze: -5952.000000
pnze: -5952.000000
pnze: -5952.000000
pnze: -5952.000000
pnze: -5952.000000
pnze: -5952.000000
pnze: -5952.000000
pnze: -5936.000000
pnze: -5952.000000
pnze: -5952.000000
pnze: -5952.000000
pnze: -5952.000000
pnze: -5952.000000
pnze: -5952.000000
pnze: -5952.000000
pnze: -5952.000000
pnze: -5952.000000
pnze: -5952.000000
pnze: -5952.000000
pnze: -5952.000000
pnze: -5968.000000
pnze: -5968.000000
pnze: -5968.000000
pnze: -5968.000000
pnze: -5968.000000
pnze: -5968.000000
pnze: -5968.000000
pnze: -5968.000000
pnze: -5968.000000
pnze: -5968.000000
pnze: -5968.000000
pnze: -5968.000000
pnze: -5936.000000
pnze: -5936.000000
pnze: -5936.000000
pnze: -5936.000000
pnze: -5920.000000
pnze: -5904.000000
pnze: -5904.000000
pnze: -5856.000000
pnze: -5872.000000
pnze: -5824.000000
pnze: -5792.000000
pnze: -5792.000000
pnze: -5824.000000
pnze: -5808.000000
pnze: -5776.000000
pnze: -5760.000000
pnze: -5792.000000
pnze: -5840.000000
pnze: -5888.000000
pnze: -5936.000000
pnze: -5968.000000
pnze: -5968.000000
pnze: -5968.000000
pnze: -5968.000000
pnze: -5968.000000
pnze: -5968.000000
pnze: -5968.000000
pnze: -5968.000000
pnze: -5968.000000
pnze: -5952.000000
pnze: -5952.000000
pnze: -5952.000000
pnze: -5952.000000
pnze: -5952.000000
pnze: -5952.000000
pnze: -5952.000000
pnze: -2960.000000
pnze: -2960.000000
pnze: -2960.000000
pnze: -5760.000000
pnze: -5760.000000
pnze: -5760.000000
pnze: -5760.000000
pnze: -5760.000000
pnze: -5760.000000
pnze: -5760.000000
pnze: -5760.000000
pnze: -5760.000000
pnze: -5760.000000
pnze: -5760.000000
pnze: -5760.000000
pnze: -5760.000000
pnze: 16.000000
pnze: 16.000000
pnze: 16.000000
pnze: 16.000000
pnze: 16.000000
pnze: 16.000000
pnze: 16.000000
pnze: 16.000000
pnze: 16.000000
pnze: 16.000000
pnze: 16.000000
pnze: 16.000000
pnze: 16.000000
pnze: 16.000000
pnze: 16.000000
pnze: 16.000000
pnze: 16.000000
pnze: 16.000000
pnze: 16.000000
pnze: 16.000000
pnze: 16.000000
pnze: 16.000000
pnze: 16.000000
pnze: 16.000000
pnze: 16.000000
pnze: 16.000000
pnze: 16.000000
pnze: 16.000000
pnze: 16.000000
pnze: 16.000000
pnze: 16.000000
pnze: 16.000000
pnze: 16.000000
pnze: 16.000000
pnze: 16.000000
pnze: 16.000000
pnze: 16.000000
pnze: 16.000000
pnze: 16.000000
pnze: 16.000000
pnze: 16.000000
pnze: 16.000000
pnze: 16.000000
pnze: 16.000000
pnze: 16.000000
pnze: 16.000000
pnze: 16.000000
pnze: 16.000000
pnze: 16.000000
pnze: 16.000000
pnze: 16.000000
pnze: 16.000000
pnze: 16.000000
pnze: 16.000000
pnze: 16.000000
pnze: -1888.000000
pnze: -2144.000000
pnze: -2144.000000
pnze: -2144.000000
pnze: -288.000000
pnze: -288.000000
pnze: -288.000000
pnze: -288.000000
pnze: -288.000000
pnze: -288.000000
pnze: -288.000000
pnze: -288.000000
pnze: -288.000000
pnze: -256.000000
pnze: -192.000000
pnze: -192.000000
pnze: -288.000000
pnze: -288.000000
pnze: -288.000000
pnze: -288.000000
pnze: -288.000000
pnze: -288.000000
pnze: -288.000000
pnze: -288.000000
pnze: -288.000000
pnze: -288.000000
pnze: -288.000000
pnze: -288.000000
pnze: -288.000000
pnze: -288.000000
pnze: -288.000000
pnze: -288.000000
pnze: -288.000000
pnze: -288.000000
pnze: -288.000000
pnze: -288.000000
pnze: -192.000000
pnze: -288.000000
pnze: -288.000000
pnze: -288.000000
pnze: -288.000000
pnze: -288.000000
pnze: -288.000000
pnze: -288.000000
pnze: -288.000000
pnze: -288.000000
pnze: -288.000000
pnze: -288.000000
pnze: -288.000000
pnze: -288.000000
pnze: -288.000000
pnze: -288.000000
pnze: -288.000000
pnze: -288.000000
pnze: -288.000000
pnze: -288.000000
pnze: -288.000000
pnze: -288.000000
pnze: -288.000000
pnze: -288.000000
pnze: -288.000000
pnze: -288.000000
pnze: -288.000000
pnze: -288.000000
pnze: -288.000000
pnze: -288.000000
pnze: -192.000000
pnze: -288.000000
pnze: -192.000000
pnze: -160.000000
pnze: -112.000000
pnze: -112.000000
pnze: -112.000000
pnze: -144.000000
pnze: -288.000000
pnze: -288.000000
pnze: -288.000000
pnze: -288.000000
pnze: -288.000000
pnze: -288.000000
pnze: -288.000000
pnze: -288.000000
pnze: -288.000000
pnze: -288.000000
pnze: -288.000000
pnze: -288.000000
pnze: -288.000000
pnze: -288.000000
pnze: -288.000000
pnze: -288.000000
pnze: -288.000000
pnze: -288.000000
pnze: -288.000000
pnze: -256.000000
pnze: -288.000000
pnze: -288.000000
pnze: -288.000000
pnze: -288.000000
pnze: -288.000000
pnze: -272.000000
pnze: -272.000000
pnze: -272.000000
pnze: -272.000000
pnze: -272.000000
pnze: -272.000000
pnze: -272.000000
pnze: -272.000000
pnze: -272.000000
pnze: -272.000000
pnze: -288.000000
pnze: -288.000000
pnze: -288.000000
pnze: -288.000000
pnze: -304.000000
pnze: -320.000000
pnze: -288.000000
pnze: -288.000000
pnze: -288.000000
pnze: -288.000000
pnze: -288.000000
pnze: -288.000000
pnze: -288.000000
pnze: -288.000000
pnze: -288.000000
pnze: -288.000000
pnze: -288.000000
pnze: -288.000000
pnze: -288.000000
pnze: -288.000000
pnze: -288.000000
pnze: -320.000000
pnze: -304.000000
pnze: -304.000000
pnze: -288.000000
pnze: -288.000000
pnze: -288.000000
pnze: -288.000000
pnze: -288.000000
pnze: -288.000000
pnze: -288.000000
pnze: -288.000000
pnze: -288.000000
pnze: -288.000000
pnze: -288.000000
pnze: -288.000000
pnze: -288.000000
pnze: -352.000000
pnze: -416.000000
pnze: -496.000000
pnze: -560.000000
pnze: -560.000000
pnze: -544.000000
pnze: -512.000000
pnze: -496.000000
pnze: -464.000000
pnze: -448.000000
pnze: -416.000000
pnze: -400.000000
pnze: -384.000000
pnze: -352.000000
pnze: -320.000000
pnze: -304.000000
pnze: -288.000000
pnze: -288.000000
pnze: -288.000000
pnze: -288.000000
pnze: -288.000000
pnze: -288.000000
pnze: -288.000000
pnze: -288.000000
pnze: -288.000000
pnze: -288.000000
pnze: -288.000000
pnze: -288.000000
pnze: -288.000000
pnze: -288.000000
pnze: -288.000000
pnze: -288.000000
pnze: -288.000000
pnze: -288.000000
pnze: -288.000000
pnze: -288.000000
pnze: -288.000000
pnze: -288.000000
pnze: -288.000000
pnze: -304.000000
pnze: -288.000000
pnze: -288.000000
pnze: -288.000000
pnze: -288.000000
pnze: -304.000000
pnze: -320.000000
pnze: -352.000000
pnze: -368.000000
pnze: -400.000000
pnze: -400.000000
pnze: -320.000000
pnze: -288.000000
pnze: -288.000000
pnze: -304.000000
pnze: -304.000000
pnze: -288.000000
pnze: -288.000000
pnze: -304.000000
pnze: -336.000000
pnze: -320.000000
pnze: -320.000000
pnze: -320.000000
pnze: -336.000000
pnze: -288.000000
pnze: -336.000000
pnze: -304.000000
pnze: -320.000000
pnze: -288.000000
pnze: -304.000000
pnze: -320.000000
pnze: -304.000000
pnze: -336.000000
pnze: -368.000000
pnze: -400.000000
pnze: -416.000000
pnze: -448.000000
pnze: -480.000000
pnze: -512.000000
pnze: -672.000000
pnze: -672.000000
pnze: -672.000000
pnze: -672.000000
pnze: -672.000000
pnze: -672.000000
pnze: -672.000000
pnze: -672.000000
pnze: -672.000000
pnze: -672.000000
pnze: -672.000000
pnze: -672.000000
pnze: -672.000000
pnze: -672.000000
pnze: -672.000000
pnze: -672.000000
pnze: -672.000000
pnze: -672.000000
pnze: -672.000000
pnze: -672.000000
pnze: -672.000000
pnze: -672.000000
pnze: -672.000000
pnze: -672.000000
pnze: -672.000000
pnze: -672.000000
pnze: -672.000000
pnze: -672.000000
pnze: -672.000000
pnze: -672.000000
pnze: -560.000000
pnze: -560.000000
pnze: -544.000000
pnze: -544.000000
pnze: -544.000000
pnze: -496.000000
pnze: -512.000000
pnze: -512.000000
pnze: -528.000000
pnze: -512.000000
pnze: -480.000000
pnze: -464.000000
pnze: -448.000000
pnze: -416.000000
pnze: -416.000000
pnze: -416.000000
pnze: -416.000000
pnze: -432.000000
pnze: -432.000000
pnze: -400.000000
pnze: -384.000000
pnze: -352.000000
pnze: -352.000000
pnze: -352.000000
pnze: -352.000000
pnze: -336.000000
pnze: -304.000000
pnze: -320.000000
pnze: -352.000000
pnze: -352.000000
pnze: -368.000000
pnze: -400.000000
pnze: -432.000000
pnze: -464.000000
pnze: -496.000000
pnze: -432.000000
pnze: -464.000000
pnze: -384.000000
pnze: -432.000000
pnze: -496.000000
pnze: -480.000000
pnze: -464.000000
pnze: -448.000000
pnze: -432.000000
pnze: -400.000000
pnze: -384.000000
pnze: -352.000000
pnze: -320.000000
pnze: -288.000000
pnze: -288.000000
pnze: -288.000000
pnze: -320.000000
pnze: -368.000000
pnze: -416.000000
pnze: -432.000000
pnze: -400.000000
pnze: -384.000000
pnze: -384.000000
pnze: -336.000000
pnze: -336.000000
pnze: -336.000000
pnze: -336.000000
pnze: -352.000000
pnze: -384.000000
pnze: -384.000000
pnze: -384.000000
pnze: -384.000000
pnze: -384.000000
pnze: -384.000000
pnze: -336.000000
pnze: -336.000000
pnze: -320.000000
pnze: -288.000000
pnze: -288.000000
pnze: -288.000000
pnze: -288.000000
pnze: -304.000000
pnze: -320.000000
pnze: -352.000000
pnze: -336.000000
pnze: -288.000000
pnze: -288.000000
pnze: -320.000000
pnze: -288.000000
pnze: -288.000000
pnze: -320.000000
pnze: -304.000000
pnze: -288.000000
pnze: -304.000000
pnze: -320.000000
pnze: -320.000000
pnze: -112.000000
pnze: -128.000000
pnze: -128.000000
pnze: -112.000000
pnze: 48.000000
pnze: -96.000000
pnze: -240.000000
pnze: -368.000000
pnze: -336.000000
pnze: -352.000000
pnze: -336.000000
pnze: -320.000000
pnze: -336.000000
pnze: -352.000000
pnze: -352.000000
pnze: -368.000000
pnze: -384.000000
pnze: -352.000000
pnze: -288.000000
pnze: -272.000000
pnze: -272.000000
pnze: -304.000000
pnze: -352.000000
pnze: -384.000000
pnze: -368.000000
pnze: -320.000000
pnze: -304.000000
pnze: -272.000000
pnze: -272.000000
pnze: -272.000000
pnze: -272.000000
pnze: -272.000000
pnze: -272.000000
pnze: -272.000000
pnze: -272.000000
pnze: -288.000000
pnze: -320.000000
pnze: -368.000000
pnze: -432.000000
pnze: -496.000000
pnze: -576.000000
pnze: -560.000000
pnze: -544.000000
pnze: -512.000000
pnze: -512.000000
pnze: -480.000000
pnze: -464.000000
pnze: -480.000000
pnze: -512.000000
pnze: -480.000000
pnze: -400.000000
pnze: -336.000000
pnze: -272.000000
pnze: -272.000000
pnze: -272.000000
pnze: -272.000000
pnze: -320.000000
pnze: -320.000000
pnze: -336.000000
pnze: -336.000000
pnze: -288.000000
pnze: -288.000000
pnze: -304.000000
pnze: -304.000000
pnze: -432.000000
pnze: -416.000000
pnze: -384.000000
pnze: -384.000000
pnze: -416.000000
pnze: -288.000000
pnze: -320.000000
pnze: -320.000000
pnze: -256.000000
pnze: -256.000000
pnze: -256.000000
pnze: -256.000000
pnze: -256.000000
pnze: -256.000000
pnze: -256.000000
pnze: -256.000000
pnze: -256.000000
pnze: -256.000000
pnze: -256.000000
pnze: -256.000000
pnze: -240.000000
pnze: -256.000000
pnze: -256.000000
pnze: -256.000000
pnze: -288.000000
pnze: -288.000000
pnze: -288.000000
pnze: -288.000000
pnze: -224.000000
pnze: -160.000000
pnze: -80.000000
pnze: -32.000000
pnze: -32.000000
pnze: -256.000000
pnze: -256.000000
pnze: -80.000000
pnze: -80.000000
pnze: -80.000000
pnze: -32.000000
pnze: -32.000000
pnze: -32.000000
pnze: -32.000000
pnze: -32.000000
pnze: 0.000000
pnze: -32.000000
pnze: -32.000000
pnze: -32.000000
pnze: -32.000000
pnze: -32.000000
pnze: -32.000000
pnze: -32.000000
pnze: -192.000000
pnze: -320.000000
pnze: -448.000000
pnze: -576.000000
pnze: -704.000000
pnze: -832.000000
pnze: -960.000000
pnze: -1072.000000
pnze: -1200.000000
pnze: -1296.000000
pnze: -1296.000000
pnze: -1296.000000
pnze: -1312.000000
pnze: -1280.000000
pnze: -1280.000000
pnze: -1280.000000
pnze: -1280.000000
pnze: -1312.000000
pnze: -1312.000000
pnze: -1280.000000
pnze: -1312.000000
pnze: -1312.000000
pnze: -1280.000000
pnze: -1312.000000
pnze: -1312.000000
pnze: -1312.000000
pnze: -1312.000000
pnze: -1312.000000
pnze: -1344.000000
pnze: -1424.000000
pnze: -1488.000000
pnze: -1536.000000
pnze: -1536.000000
pnze: -1536.000000
pnze: -1536.000000
pnze: -1536.000000
pnze: -1536.000000
pnze: -1536.000000
pnze: -1536.000000
pnze: -1536.000000
pnze: -1488.000000
pnze: -1392.000000
pnze: -1536.000000
pnze: -1536.000000
pnze: -1536.000000
pnze: -1536.000000
pnze: -1536.000000
pnze: -1536.000000
pnze: -1536.000000
pnze: -1536.000000
pnze: -1536.000000
pnze: -1536.000000
pnze: -1536.000000
pnze: -1536.000000
pnze: -1536.000000
pnze: -1536.000000
pnze: -1568.000000
pnze: -1568.000000
pnze: -1568.000000
pnze: -1568.000000
pnze: -1568.000000
pnze: -1568.000000
pnze: -1568.000000
pnze: -1568.000000
pnze: -1568.000000
pnze: -1568.000000
pnze: -1568.000000
pnze: -1568.000000
pnze: -1568.000000
pnze: -1568.000000
pnze: -1568.000000
pnze: -1568.000000
pnze: -1568.000000
pnze: -1568.000000
pnze: -1568.000000
pnze: -1568.000000
pnze: -1568.000000
pnze: -1568.000000
pnze: -1568.000000
pnze: -1568.000000
pnze: -1568.000000
pnze: -1568.000000
pnze: -1568.000000
pnze: -1568.000000
pnze: -1568.000000
pnze: -1568.000000
pnze: -1568.000000
pnze: -1568.000000
pnze: -1568.000000
pnze: -1568.000000
pnze: -1568.000000
pnze: -1568.000000
pnze: -1568.000000
pnze: -1568.000000
pnze: -1568.000000
pnze: -1568.000000
pnze: -1568.000000
pnze: -1568.000000
pnze: -1568.000000
pnze: -1568.000000
pnze: -1568.000000
pnze: -1568.000000
pnze: -1568.000000
pnze: -1568.000000
pnze: -1568.000000
pnze: -1568.000000
pnze: -1568.000000
pnze: -1568.000000
pnze: -1568.000000
pnze: -1568.000000
pnze: -1568.000000
pnze: -1568.000000
pnze: -1568.000000
pnze: -1568.000000
pnze: -1568.000000
pnze: -1568.000000
pnze: -1568.000000
pnze: -1568.000000
pnze: -1568.000000
pnze: -1584.000000
pnze: -1632.000000
pnze: -1696.000000
pnze: -1760.000000
pnze: -1824.000000
pnze: -1872.000000
pnze: -1936.000000
pnze: -2000.000000
pnze: -2064.000000
pnze: -2112.000000
pnze: -2176.000000
pnze: -2240.000000
pnze: -2304.000000
pnze: -2368.000000
pnze: -2336.000000
pnze: -2368.000000
pnze: -2368.000000
pnze: -2368.000000
pnze: -2384.000000
pnze: -2400.000000
pnze: -2368.000000
pnze: -2368.000000
pnze: -2368.000000
pnze: -2368.000000
pnze: -2368.000000
pnze: -2368.000000
pnze: -2368.000000
pnze: -2368.000000
pnze: -2368.000000
pnze: -2368.000000
pnze: -2368.000000
pnze: -2368.000000
pnze: -2368.000000
pnze: -2368.000000
pnze: -2384.000000
pnze: -2416.000000
pnze: -2448.000000
pnze: -2480.000000
pnze: -2512.000000
pnze: -2512.000000
pnze: -2432.000000
pnze: -2416.000000
pnze: -2416.000000
pnze: -2496.000000
pnze: -2496.000000
pnze: -2496.000000
pnze: -2496.000000
pnze: -2496.000000
pnze: -2496.000000
pnze: -2496.000000
pnze: -2496.000000
pnze: -2496.000000
pnze: -2496.000000
pnze: -2496.000000
pnze: -2496.000000
pnze: -2496.000000
pnze: -2496.000000
pnze: -2496.000000
pnze: -2496.000000
pnze: -2496.000000
pnze: -2496.000000
pnze: -2480.000000
pnze: -2496.000000
pnze: -2496.000000
pnze: -2496.000000
pnze: -2496.000000
pnze: -2496.000000
pnze: -2496.000000
pnze: -2496.000000
pnze: -2512.000000
pnze: -2512.000000
pnze: -2496.000000
pnze: -2496.000000
pnze: -2480.000000
pnze: -2448.000000
pnze: -2464.000000
pnze: -2464.000000
pnze: -2496.000000
pnze: -2512.000000
pnze: -2544.000000
pnze: -2560.000000
pnze: -2544.000000
pnze: -2640.000000
pnze: -2704.000000
pnze: -2720.000000
pnze: -2752.000000
pnze: -2704.000000
pnze: -2736.000000
pnze: -2768.000000
pnze: -2768.000000
pnze: -2768.000000
pnze: -2768.000000
pnze: -2768.000000
pnze: -2768.000000
pnze: -2768.000000
pnze: -2768.000000
pnze: -2736.000000
pnze: -2592.000000
pnze: -2448.000000
pnze: -2368.000000
pnze: -2368.000000
pnze: -2368.000000
pnze: -2368.000000
pnze: -2400.000000
pnze: -2448.000000
pnze: -2368.000000
pnze: -2368.000000
pnze: -2368.000000
pnze: -2368.000000
pnze: -2368.000000
pnze: -2416.000000
pnze: -2448.000000
pnze: -2480.000000
pnze: -2464.000000
pnze: -2496.000000
pnze: -2512.000000
pnze: -2544.000000
pnze: -2560.000000
pnze: -2560.000000
pnze: -2560.000000
pnze: -2560.000000
pnze: -2464.000000
pnze: -2528.000000
pnze: -2560.000000
pnze: -2560.000000
pnze: -2560.000000
pnze: -2560.000000
pnze: -2560.000000
pnze: -2544.000000
pnze: -2560.000000
pnze: -2560.000000
pnze: -2560.000000
pnze: -2560.000000
pnze: -2560.000000
pnze: -2560.000000
pnze: -2560.000000
pnze: -2560.000000
pnze: -2560.000000
pnze: -2560.000000
pnze: -2560.000000
pnze: -2560.000000
pnze: -2560.000000
pnze: -2560.000000
pnze: -2560.000000
pnze: -2560.000000
pnze: -2560.000000
pnze: -2560.000000
pnze: -2560.000000
pnze: -2560.000000
pnze: -2560.000000
pnze: -2560.000000
pnze: -2560.000000
pnze: -2560.000000
pnze: -2560.000000
pnze: -2560.000000
pnze: -2560.000000
pnze: -2560.000000
pnze: -2560.000000
pnze: -2560.000000
pnze: -2528.000000
pnze: -2496.000000
pnze: -2448.000000
pnze: -2416.000000
pnze: -2368.000000
pnze: -2368.000000
pnze: -2416.000000
pnze: -2432.000000
pnze: -2464.000000
pnze: -2464.000000
pnze: -2464.000000
pnze: -2464.000000
pnze: -2448.000000
pnze: -2400.000000
pnze: -2368.000000
pnze: -2368.000000
pnze: -2368.000000
pnze: -2368.000000
pnze: -2368.000000
pnze: -2368.000000
pnze: -2384.000000
pnze: -2432.000000
pnze: -2432.000000
pnze: -2432.000000
pnze: -2432.000000
pnze: -2432.000000
pnze: -2432.000000
pnze: -2432.000000
pnze: -2432.000000
pnze: -2432.000000
pnze: -2432.000000
pnze: -2432.000000
pnze: -2432.000000
pnze: -2432.000000
pnze: -2432.000000
pnze: -2432.000000
pnze: -2384.000000
pnze: -2368.000000
pnze: -2368.000000
pnze: -2576.000000
pnze: -2576.000000
pnze: -2576.000000
pnze: -2576.000000
pnze: -2576.000000
pnze: -2576.000000
pnze: -2576.000000
pnze: -2576.000000
pnze: -2576.000000
pnze: -2576.000000
pnze: -2576.000000
pnze: -2576.000000
pnze: -2576.000000
pnze: -2576.000000
pnze: -2576.000000
pnze: -2576.000000
pnze: -2560.000000
pnze: -2560.000000
pnze: -2560.000000
pnze: -2560.000000
pnze: -2560.000000
pnze: -2560.000000
pnze: -2560.000000
pnze: -2560.000000
pnze: -2512.000000
pnze: -2512.000000
pnze: -2544.000000
pnze: -2416.000000
pnze: -2368.000000
pnze: -2448.000000
pnze: -2464.000000
pnze: -2560.000000
pnze: -2560.000000
pnze: -2560.000000
pnze: -2560.000000
pnze: -2560.000000
pnze: -2560.000000
pnze: -2560.000000
pnze: -2560.000000
pnze: -2560.000000
pnze: -2560.000000
pnze: -2560.000000
pnze: -2560.000000
pnze: -2560.000000
pnze: -2560.000000
pnze: -2560.000000
pnze: -2560.000000
pnze: -2560.000000
pnze: -2560.000000
pnze: -2560.000000
pnze: -2560.000000
pnze: -2560.000000
pnze: -2560.000000
pnze: -2560.000000
pnze: -2560.000000
pnze: -2544.000000
pnze: -2544.000000
pnze: -2544.000000
pnze: -2544.000000
pnze: -2544.000000
pnze: -2544.000000
pnze: -2544.000000
pnze: -2544.000000
pnze: -2544.000000
pnze: -2544.000000
pnze: -2544.000000
pnze: -2544.000000
pnze: -2544.000000
pnze: -2544.000000
pnze: -2544.000000
pnze: -2544.000000
pnze: -2544.000000
pnze: -2544.000000
pnze: -2544.000000
pnze: -2544.000000
pnze: -2544.000000
pnze: -2544.000000
pnze: -2560.000000
pnze: -2560.000000
pnze: -5920.000000
pnze: -5952.000000
pnze: -5952.000000
pnze: -5952.000000
pnze: -5952.000000
pnze: -5952.000000
pnze: -5952.000000
pnze: -5952.000000
pnze: -5952.000000
pnze: -5952.000000
pnze: -5952.000000
pnze: -5952.000000
pnze: -5952.000000
pnze: -5952.000000
pnze: -5952.000000
pnze: -5952.000000
pnze: -5952.000000
pnze: -5952.000000
pnze: -5952.000000
pnze: -5952.000000
pnze: -5952.000000
pnze: -5952.000000
pnze: -5952.000000
pnze: -5952.000000
pnze: -5952.000000
pnze: -5952.000000
pnze: -5952.000000
pnze: -5952.000000
pnze: -5952.000000
pnze: -5952.000000
pnze: -5952.000000
pnze: -5952.000000
pnze: -5952.000000
pnze: -5952.000000
pnze: -5952.000000
pnze: -5952.000000
pnze: -5952.000000
pnze: -5952.000000
pnze: -5952.000000
pnze: -5952.000000
pnze: -5952.000000
pnze: -5952.000000
pnze: -5952.000000
pnze: -5952.000000
pnze: -5952.000000
pnze: -5952.000000
pnze: -5952.000000
pnze: -5952.000000
pnze: -5952.000000
pnze: -5952.000000
pnze: -5952.000000
pnze: -5952.000000
pnze: -5952.000000
pnze: -5952.000000
pnze: -5952.000000
pnze: -5952.000000
pnze: -5952.000000
pnze: -5952.000000
pnze: -5952.000000
pnze: -5952.000000
pnze: -5952.000000
pnze: -5952.000000
pnze: -5952.000000
pnze: -5952.000000
pnze: -5952.000000
pnze: -5952.000000
pnze: -5952.000000
pnze: -5952.000000
pnze: -5952.000000
pnze: -5952.000000
pnze: -5952.000000
pnze: -5952.000000
pnze: -5952.000000
pnze: -5952.000000
pnze: -5952.000000
pnze: -5952.000000
pnze: -5952.000000
pnze: -5952.000000
pnze: -5952.000000
pnze: -5952.000000
pnze: -5952.000000
pnze: -5952.000000
pnze: -5952.000000
pnze: -5952.000000
pnze: -5952.000000
pnze: -5968.000000
pnze: -5952.000000
pnze: -5952.000000
pnze: -5952.000000
pnze: -5952.000000
pnze: -5952.000000
pnze: -5936.000000
pnze: -5952.000000
pnze: -5952.000000
pnze: -5952.000000
pnze: -5952.000000
pnze: -5952.000000
pnze: -5952.000000
pnze: -5952.000000
pnze: -5952.000000
pnze: -5952.000000
pnze: -5952.000000
pnze: -5952.000000
pnze: -5952.000000
pnze: -5952.000000
pnze: -5952.000000
pnze: -5952.000000
pnze: -5952.000000
pnze: -5952.000000
pnze: -5952.000000
pnze: -5952.000000
pnze: -5952.000000
pnze: -5952.000000
pnze: -5952.000000
pnze: -5952.000000
pnze: -5952.000000
pnze: -5952.000000
pnze: -5952.000000
pnze: -5952.000000
pnze: -5952.000000
pnze: -5952.000000
pnze: -5968.000000
pnze: -5968.000000
pnze: -5968.000000
pnze: -5968.000000
pnze: -5968.000000
pnze: -5968.000000
pnze: -5968.000000
pnze: -5968.000000
pnze: -5968.000000
pnze: -5968.000000
pnze: -5968.000000
pnze: -5968.000000
pnze: -5968.000000
pnze: -5968.000000
pnze: -5968.000000
pnze: -5968.000000
pnze: -5968.000000
pnze: -5968.000000
pnze: -5968.000000
pnze: -5968.000000
pnze: -5968.000000
pnze: -5968.000000
pnze: -5968.000000
pnze: -5968.000000
pnze: -5968.000000
pnze: -5968.000000
pnze: -5968.000000
pnze: -5968.000000
pnze: -5968.000000
pnze: -5968.000000
pnze: -5968.000000
pnze: -5968.000000
pnze: -5968.000000
pnze: -5968.000000
pnze: -5968.000000
pnze: -5968.000000
pnze: -5968.000000
pnze: -5968.000000
pnze: -5968.000000
pnze: -5968.000000
pnze: -5968.000000
pnze: -5968.000000
pnze: -5968.000000
pnze: -5968.000000
pnze: -5968.000000
pnze: -5968.000000
pnze: -5968.000000
pnze: -5968.000000
pnze: -5968.000000
pnze: -6368.000000
pnze: -6368.000000
pnze: -6368.000000
pnze: -6368.000000
pnze: -6368.000000
pnze: -6368.000000
pnze: -6368.000000
pnze: -6368.000000
pnze: -6368.000000
pnze: -6368.000000
pnze: -6368.000000
pnze: -6368.000000
pnze: -6368.000000
pnze: -6368.000000
pnze: -6368.000000
pnze: -6368.000000
pnze: -6368.000000
pnze: -6368.000000
pnze: -6368.000000
pnze: -6368.000000
pnze: -6368.000000
pnze: -6368.000000
pnze: -6384.000000
pnze: -6384.000000
pnze: -6384.000000
pnze: -6384.000000
pnze: -6368.000000
pnze: -6368.000000
pnze: -6368.000000
pnze: -6368.000000
pnze: -6368.000000
pnze: -6368.000000
pnze: -6368.000000
pnze: -6368.000000
pnze: -6368.000000
pnze: -6368.000000
pnze: -6368.000000
pnze: -6368.000000
pnze: -6368.000000
pnze: -6368.000000
pnze: -6368.000000
pnze: -6368.000000
pnze: -6368.000000
pnze: -6368.000000
pnze: -6368.000000
pnze: -6368.000000
pnze: -6368.000000
pnze: -6368.000000
pnze: -6368.000000
pnze: -6368.000000
pnze: -6368.000000
pnze: -6368.000000
pnze: -6368.000000
pnze: -6368.000000
pnze: -6368.000000
pnze: -6368.000000
pnze: -6368.000000
pnze: -6368.000000
pnze: -6368.000000
pnze: -6368.000000
pnze: -6368.000000
pnze: -6368.000000
pnze: -6368.000000
pnze: -6368.000000
pnze: -6368.000000
pnze: -6368.000000
pnze: -6368.000000
pnze: -6368.000000
pnze: -6368.000000
pnze: -6368.000000
pnze: -6368.000000
pnze: -6368.000000
pnze: -6368.000000
pnze: -6368.000000
pnze: -6368.000000
pnze: -6368.000000
pnze: -6368.000000
pnze: -6368.000000
pnze: -6368.000000
pnze: -6368.000000
pnze: -6368.000000
pnze: -6368.000000
pnze: -6368.000000
pnze: -6368.000000
pnze: -6368.000000
pnze: -6368.000000
pnze: -6368.000000
pnze: -6368.000000
pnze: -6368.000000
pnze: -6368.000000
pnze: -6368.000000
pnze: -6368.000000
pnze: -6368.000000
pnze: -6368.000000
pnze: -6368.000000
pnze: -6368.000000
pnze: -6368.000000
pnze: -6368.000000
pnze: -6368.000000
pnze: -6368.000000
pnze: -6368.000000
pnze: -6368.000000
pnze: -6368.000000
pnze: -6368.000000
pnze: -6368.000000
pnze: -6368.000000
pnze: -6368.000000
pnze: -6368.000000
pnze: -6368.000000
pnze: -6368.000000
pnze: -6368.000000
pnze: -6368.000000
pnze: -6368.000000
pnze: -6368.000000
pnze: -6368.000000
pnze: -6368.000000
pnze: -6368.000000
pnze: -6368.000000
pnze: -6368.000000
pnze: -6368.000000
pnze: -6368.000000
pnze: -6368.000000
pnze: -6368.000000
pnze: -6368.000000
pnze: -6368.000000
pnze: -6368.000000
pnze: -6368.000000
pnze: -6368.000000
pnze: -6368.000000
pnze: -6368.000000
pnze: -6368.000000
pnze: -6368.000000
pnze: -6368.000000
pnze: -6368.000000
pnze: -6368.000000
pnze: -6368.000000
pnze: -5968.000000
pnze: -5968.000000
pnze: -5968.000000
pnze: -5968.000000
pnze: -5968.000000
pnze: -5968.000000
pnze: -5968.000000
pnze: -5968.000000
pnze: -5968.000000
pnze: -5936.000000
pnze: -5936.000000
pnze: -5936.000000
pnze: -5936.000000
pnze: -5952.000000
pnze: -5936.000000
pnze: -5952.000000
pnze: -5920.000000
pnze: -5936.000000
pnze: -5936.000000
pnze: -5904.000000
pnze: -5888.000000
pnze: -5888.000000
pnze: -5872.000000
pnze: -5840.000000
pnze: -5808.000000
pnze: -5808.000000
pnze: -5840.000000
pnze: -5872.000000
pnze: -5840.000000
pnze: -5776.000000
pnze: -5760.000000
pnze: -5760.000000
pnze: -5760.000000
pnze: -5760.000000
pnze: -5760.000000
pnze: -5792.000000
pnze: -5808.000000
pnze: -5776.000000
pnze: -5760.000000
pnze: -5760.000000
pnze: -5760.000000
pnze: -5760.000000
pnze: -5776.000000
pnze: -5792.000000
pnze: -5808.000000
pnze: -5824.000000
pnze: -5808.000000
pnze: -5792.000000
pnze: -5792.000000
pnze: -5760.000000
pnze: -5760.000000
pnze: -5760.000000
pnze: -5760.000000
pnze: -5776.000000
pnze: -5776.000000
pnze: -5760.000000
pnze: -5760.000000
pnze: -5760.000000
pnze: -5760.000000
pnze: -5760.000000
pnze: -5776.000000
pnze: -5808.000000
pnze: -5824.000000
pnze: -5856.000000
pnze: -5888.000000
pnze: -5904.000000
pnze: -5920.000000
pnze: -5936.000000
pnze: -5952.000000
pnze: -5936.000000
pnze: -5920.000000
pnze: -5968.000000
pnze: -5968.000000
pnze: -5968.000000
pnze: -5968.000000
pnze: -5968.000000
pnze: -5968.000000
pnze: -5968.000000
pnze: -5968.000000
pnze: -5968.000000
pnze: -5968.000000
pnze: -5968.000000
pnze: -5968.000000
pnze: -5968.000000
pnze: -5968.000000
pnze: -5968.000000
pnze: -5968.000000
pnze: -5968.000000
pnze: -5968.000000
pnze: -5968.000000
pnze: -5968.000000
pnze: -5968.000000
pnze: -5968.000000
pnze: -5968.000000
pnze: -5968.000000
pnze: -5952.000000
pnze: -5952.000000
pnze: -5968.000000
pnze: -5968.000000
pnze: -5952.000000
pnze: -5968.000000
pnze: -5968.000000
pnze: -5968.000000
pnze: -5968.000000
pnze: -5968.000000
pnze: -5968.000000
pnze: -5968.000000
pnze: -5968.000000
pnze: -5968.000000
pnze: -5968.000000
pnze: -5968.000000
pnze: -5968.000000
pnze: -5968.000000
pnze: -5968.000000
pnze: -5968.000000
pnze: -5968.000000
pnze: -5968.000000
pnze: -5968.000000
pnze: -5952.000000
pnze: -5952.000000
pnze: -5952.000000
pnze: -5952.000000
pnze: -5952.000000
pnze: -5952.000000
pnze: -5952.000000
pnze: -5952.000000
pnze: -5952.000000
pnze: -5952.000000
pnze: -5952.000000
pnze: -5952.000000
pnze: -5952.000000
pnze: -5952.000000
pnze: -5952.000000
pnze: -5952.000000
pnze: -5952.000000
pnze: -5952.000000
pnze: -5952.000000
pnze: -5952.000000
pnze: -5952.000000
pnze: -5952.000000
pnze: -5952.000000
pnze: -5952.000000
pnze: -5952.000000
pnze: -5952.000000
pnze: -5952.000000
pnze: -5952.000000
pnze: -5952.000000
pnze: -5952.000000
pnze: -5952.000000
pnze: -5952.000000
pnze: -5952.000000
pnze: -5952.000000
pnze: -5952.000000
pnze: -5952.000000
pnze: -5952.000000
pnze: -5952.000000
pnze: -5952.000000
pnze: -5952.000000
pnze: -5952.000000
pnze: -5952.000000
pnze: -5952.000000
pnze: -5952.000000
pnze: -5952.000000
pnze: -5952.000000
pnze: -5952.000000
pnze: -5952.000000
pnze: -5952.000000
pnze: -5952.000000
pnze: -5952.000000
pnze: -5952.000000
pnze: -5952.000000
pnze: -5952.000000
pnze: -5952.000000
pnze: -5952.000000
pnze: -5936.000000
pnze: -5936.000000
pnze: -5936.000000
pnze: -5936.000000
pnze: -5936.000000
pnze: -5936.000000
pnze: -5936.000000
pnze: -5936.000000
pnze: -5936.000000
pnze: -5936.000000
pnze: -5936.000000
pnze: -5936.000000
pnze: -5936.000000
pnze: -5936.000000
pnze: -5936.000000
pnze: -5936.000000
pnze: -5936.000000
pnze: -5936.000000
pnze: -5936.000000
pnze: -5936.000000
pnze: -5936.000000
pnze: -5936.000000
pnze: -5936.000000
pnze: -5936.000000
pnze: -5936.000000
pnze: -5936.000000
pnze: -5936.000000
pnze: -5968.000000
pnze: -5920.000000
pnze: -5872.000000
pnze: -5808.000000
pnze: -5760.000000
pnze: -5888.000000
pnze: -5888.000000
pnze: -5888.000000
pnze: -5888.000000
pnze: -5888.000000
pnze: -5888.000000
pnze: -5888.000000
pnze: -5904.000000
pnze: -5904.000000
pnze: -5904.000000
pnze: -5888.000000
pnze: -5904.000000
pnze: -5904.000000
pnze: -5920.000000
pnze: -5952.000000
pnze: -5952.000000
pnze: -5952.000000
pnze: -5952.000000
pnze: -5952.000000
pnze: -5952.000000
pnze: -5952.000000
pnze: -5952.000000
pnze: -5952.000000
pnze: -5952.000000
pnze: -5952.000000
pnze: -5952.000000
pnze: -5952.000000
pnze: -5952.000000
pnze: -5952.000000
pnze: -5952.000000
pnze: -5952.000000
pnze: -5952.000000
pnze: -5952.000000
pnze: -5952.000000
pnze: -5952.000000
pnze: -5952.000000
pnze: -5952.000000
pnze: -5952.000000
pnze: -5952.000000
pnze: -5952.000000
pnze: -5952.000000
pnze: -5952.000000
pnze: -5952.000000
pnze: -5952.000000
pnze: -5952.000000
pnze: -5952.000000
pnze: -5952.000000
pnze: -5952.000000
pnze: -5952.000000
pnze: -5952.000000
pnze: -5952.000000
pnze: -5952.000000
pnze: -5952.000000
pnze: -5952.000000
pnze: -5952.000000
pnze: -5952.000000
pnze: -5952.000000
pnze: -5952.000000
pnze: -5968.000000
pnze: -5968.000000
pnze: -5952.000000
pnze: -5968.000000
pnze: -5968.000000
pnze: -5968.000000
pnze: -5968.000000
pnze: -5968.000000
pnze: -5968.000000
pnze: -5968.000000
pnze: -5968.000000
pnze: -5968.000000
pnze: -5968.000000
pnze: -5968.000000
pnze: -5968.000000
pnze: -5968.000000
pnze: -5968.000000
pnze: -5968.000000
pnze: -5968.000000
pnze: -5968.000000
pnze: -5968.000000
pnze: -5968.000000
pnze: -5968.000000
pnze: -5968.000000
pnze: -5968.000000
pnze: -5968.000000
pnze: -5968.000000
pnze: -5968.000000
pnze: -5968.000000
pnze: -5968.000000
pnze: -5968.000000
pnze: -5968.000000
pnze: -5968.000000
pnze: -5968.000000
pnze: -5968.000000
pnze: -5968.000000
pnze: -5968.000000
pnze: -5968.000000
pnze: -5968.000000
pnze: -5968.000000
pnze: -5968.000000
pnze: -5968.000000
pnze: -5968.000000
pnze: -5968.000000
pnze: -5968.000000
pnze: -5968.000000
pnze: -5968.000000
pnze: -5968.000000
pnze: -5968.000000
pnze: -5968.000000
pnze: -5968.000000
pnze: -5968.000000
pnze: -5968.000000
pnze: -5968.000000
pnze: -5968.000000
pnze: -5968.000000
pnze: -5968.000000
pnze: -5968.000000
pnze: -5968.000000
pnze: -5968.000000
pnze: -5968.000000
pnze: -5968.000000
pnze: -5936.000000
pnze: -5904.000000
pnze: -5872.000000
pnze: -5856.000000
pnze: -5792.000000
pnze: -5760.000000
pnze: -5760.000000
pnze: -5760.000000
pnze: -5760.000000
pnze: -5760.000000
pnze: -5760.000000
pnze: -5760.000000
pnze: -5760.000000
pnze: -5760.000000
pnze: -5760.000000
pnze: -5760.000000
pnze: -5760.000000
pnze: -5760.000000
pnze: -5760.000000
pnze: -5760.000000
pnze: -5760.000000
pnze: -5760.000000
pnze: -5760.000000
pnze: -5760.000000
pnze: -5760.000000
pnze: -5760.000000
pnze: -5760.000000
pnze: -5760.000000
pnze: -5760.000000
pnze: -5760.000000
pnze: -5760.000000
pnze: -5760.000000
pnze: -5760.000000
pnze: -5760.000000
pnze: -5760.000000
pnze: -5760.000000
pnze: -5760.000000
pnze: -5760.000000
pnze: -5760.000000
pnze: -5760.000000
pnze: -5760.000000
pnze: -5760.000000
pnze: -5760.000000
pnze: -5760.000000
pnze: -5760.000000
pnze: -5760.000000
pnze: -5760.000000
pnze: -5760.000000
pnze: -5760.000000
pnze: -5760.000000
pnze: -5760.000000
pnze: -5760.000000
pnze: -5776.000000
pnze: -5776.000000
pnze: -5776.000000
pnze: -5776.000000
pnze: -5776.000000
pnze: -5776.000000
pnze: -5760.000000
pnze: -5760.000000
pnze: -5776.000000
pnze: -5760.000000
pnze: -5760.000000
pnze: -5760.000000
pnze: -5760.000000
pnze: -5776.000000
pnze: -5776.000000
pnze: -5792.000000
pnze: -5760.000000
pnze: -5760.000000
pnze: -5760.000000
pnze: -5776.000000
pnze: -5776.000000
pnze: -5760.000000
pnze: -5760.000000
pnze: -5760.000000
pnze: -5760.000000
pnze: -6368.000000
pnze: -6368.000000
pnze: -6368.000000
pnze: -6368.000000
pnze: -6368.000000
pnze: -6368.000000
pnze: -6368.000000
pnze: -6368.000000
pnze: -6368.000000
pnze: -6368.000000
pnze: -6368.000000
pnze: -6368.000000
pnze: -6368.000000
pnze: -6368.000000
pnze: -6368.000000
pnze: -6368.000000
pnze: -6368.000000
pnze: -6368.000000
pnze: -6368.000000
pnze: -6368.000000
pnze: -6368.000000
pnze: -6368.000000
pnze: -6368.000000
pnze: -6368.000000
pnze: -6368.000000
pnze: -6368.000000
pnze: -6368.000000
pnze: -6368.000000
pnze: -6368.000000
pnze: -6368.000000
pnze: -6368.000000
pnze: -6368.000000
pnze: -6368.000000
pnze: -6368.000000
pnze: -6368.000000
pnze: -6368.000000
pnze: -6368.000000
pnze: -6368.000000
pnze: -6368.000000
pnze: -6368.000000
pnze: -6368.000000
pnze: -6368.000000
pnze: -6368.000000
pnze: -6368.000000
pnze: -6368.000000
pnze: -6368.000000
pnze: -6368.000000
pnze: -6368.000000
pnze: -6368.000000
pnze: -6368.000000
pnze: -6368.000000
pnze: -6368.000000
pnze: -6368.000000
pnze: -6368.000000
pnze: -6368.000000
pnze: -6368.000000
pnze: -6368.000000
pnze: -6368.000000
pnze: -6368.000000
pnze: -6368.000000
pnze: -6368.000000
pnze: -6368.000000
pnze: -6368.000000
pnze: -6368.000000
pnze: -6368.000000
pnze: -6368.000000
pnze: -6368.000000
pnze: -6368.000000
pnze: -6368.000000
pnze: -6368.000000
pnze: -6368.000000
pnze: -6368.000000
pnze: -6368.000000
pnze: -6368.000000
pnze: -6368.000000
pnze: -6368.000000
pnze: -6368.000000
pnze: -6368.000000
pnze: -6368.000000
pnze: -6368.000000
pnze: -6368.000000
pnze: -6368.000000
pnze: -6368.000000
pnze: -6368.000000
pnze: -6368.000000
pnze: -6368.000000
pnze: -6368.000000
pnze: -6368.000000
pnze: -6368.000000
pnze: -6368.000000
pnze: -6368.000000
pnze: -6368.000000
pnze: -6368.000000
pnze: -6368.000000
pnze: -6368.000000
pnze: -6368.000000
pnze: -6368.000000
pnze: -6368.000000
pnze: -6368.000000
pnze: -6368.000000
pnze: -6368.000000
pnze: -6368.000000
pnze: -6368.000000
pnze: -6368.000000
pnze: -6368.000000
pnze: -6368.000000
pnze: -6368.000000
pnze: -6368.000000
pnze: -6368.000000
pnze: -6368.000000
pnze: -6368.000000
pnze: -6368.000000
pnze: -6368.000000
pnze: -6368.000000
pnze: -6368.000000
pnze: -6368.000000
pnze: -6368.000000
pnze: -6368.000000
pnze: -5792.000000
pnze: -5760.000000
pnze: -5760.000000
pnze: -5760.000000
pnze: -5760.000000
pnze: -5760.000000
pnze: -5760.000000
pnze: -5760.000000
pnze: -5760.000000
pnze: -5760.000000
pnze: -5760.000000
pnze: -5760.000000
pnze: -5760.000000
pnze: -5760.000000
pnze: -5760.000000
pnze: -5760.000000
pnze: -5760.000000
pnze: -5760.000000
pnze: -5760.000000
pnze: -5760.000000
pnze: -5760.000000
pnze: -5760.000000
pnze: -5760.000000
pnze: -5760.000000
pnze: -5760.000000
pnze: -5760.000000
pnze: -5760.000000
pnze: -5760.000000
pnze: -5760.000000
pnze: -5760.000000
pnze: -5760.000000
pnze: -5760.000000
pnze: -5760.000000
pnze: -5760.000000
pnze: -5760.000000
pnze: -5760.000000
pnze: -5760.000000
pnze: -5728.000000
pnze: -2944.000000
pnze: -2944.000000
pnze: -2960.000000
pnze: -2960.000000
pnze: -2960.000000
pnze: -2960.000000
pnze: -2960.000000
pnze: -2960.000000
pnze: -2960.000000
pnze: -2960.000000
pnze: -2960.000000
pnze: -2960.000000
pnze: -2960.000000
pnze: -2960.000000
pnze: -2960.000000
pnze: -2960.000000
pnze: -2960.000000
pnze: -2960.000000
pnze: -2960.000000
pnze: -2960.000000
pnze: -2960.000000
pnze: -2960.000000
pnze: -2960.000000
pnze: -2960.000000
pnze: -2960.000000
pnze: -2960.000000
pnze: -2960.000000
pnze: -2960.000000
pnze: -2960.000000
pnze: -2960.000000
pnze: -2960.000000
pnze: -2960.000000
pnze: -2960.000000
pnze: -2960.000000
pnze: -2960.000000
pnze: -2960.000000
pnze: -2960.000000
pnze: -2960.000000
pnze: -2960.000000
pnze: -2960.000000
pnze: -2960.000000
pnze: -2960.000000
pnze: -2960.000000
pnze: -2960.000000
pnze: -2960.000000
pnze: -2960.000000
pnze: -2960.000000
pnze: -2960.000000
pnze: -2960.000000
pnze: -2960.000000
pnze: -2960.000000
pnze: -2960.000000
pnze: -2960.000000
pnze: -2960.000000
pnze: -2960.000000
pnze: -2960.000000
pnze: -2960.000000
pnze: -2960.000000
pnze: -2960.000000
pnze: -2960.000000
pnze: -2960.000000
pnze: -2960.000000
pnze: -2928.000000
pnze: -2896.000000
pnze: -2864.000000
pnze: -2832.000000
pnze: -2800.000000
pnze: -2768.000000
pnze: -2752.000000
pnze: -2720.000000
pnze: -2688.000000
pnze: -2656.000000
pnze: -2624.000000
pnze: -2592.000000
pnze: -2608.000000
pnze: -2624.000000
pnze: -2624.000000
pnze: -2624.000000
pnze: -2608.000000
pnze: -2592.000000
pnze: -2576.000000
pnze: -2592.000000
pnze: -2560.000000
pnze: -2560.000000
pnze: -2560.000000
pnze: -2560.000000
pnze: -2560.000000
pnze: -2560.000000
pnze: -2560.000000
pnze: -2560.000000
pnze: -2560.000000
pnze: -2560.000000
pnze: -2560.000000
pnze: -2560.000000
pnze: -2560.000000
pnze: -2560.000000
pnze: -2560.000000
pnze: -2560.000000
pnze: -2560.000000
pnze: -2560.000000
pnze: -2560.000000
pnze: -2560.000000
pnze: -2560.000000
pnze: -2560.000000
pnze: -2560.000000
pnze: -2560.000000
pnze: -2560.000000
pnze: -2560.000000
pnze: -2560.000000
pnze: -2560.000000
pnze: -2560.000000
pnze: -2560.000000
pnze: -2560.000000
pnze: -2560.000000
pnze: -2560.000000
pnze: -2560.000000
pnze: -2560.000000
pnze: -2560.000000
pnze: -2560.000000
pnze: -2560.000000
pnze: -2560.000000
pnze: -2560.000000
pnze: -2560.000000
pnze: -2560.000000
pnze: -2560.000000
pnze: -2560.000000
pnze: -2560.000000
pnze: -2560.000000
pnze: -2560.000000
pnze: -2560.000000
pnze: -2560.000000
pnze: -2560.000000
pnze: -2560.000000
pnze: -2560.000000
pnze: -2560.000000
pnze: -2560.000000
pnze: -2560.000000
pnze: -2560.000000
pnze: -2560.000000
pnze: -2704.000000
pnze: -2736.000000
pnze: -2960.000000
pnze: -2944.000000
pnze: -2928.000000
pnze: -2880.000000
pnze: -2848.000000
pnze: -2816.000000
pnze: -2784.000000
pnze: -2768.000000
pnze: -2736.000000
pnze: -2688.000000
pnze: -2656.000000
pnze: -2624.000000
pnze: -2576.000000
pnze: -2560.000000
pnze: -2560.000000
pnze: -2560.000000
pnze: -2560.000000
pnze: -2560.000000
pnze: -2560.000000
pnze: -2560.000000
pnze: -2608.000000
pnze: -2656.000000
pnze: -2720.000000
pnze: -2752.000000
pnze: -2752.000000
pnze: -2736.000000
pnze: -2736.000000
pnze: -2704.000000
pnze: -2672.000000
pnze: -2736.000000
pnze: -2784.000000
pnze: -2800.000000
pnze: -2832.000000
pnze: -2880.000000
pnze: -2880.000000
pnze: -2848.000000
pnze: -2832.000000
pnze: -2848.000000
pnze: -2880.000000
pnze: -2864.000000
pnze: -2896.000000
pnze: -2816.000000
pnze: -2816.000000
pnze: -2800.000000
pnze: -2752.000000
pnze: -2768.000000
pnze: -2784.000000
pnze: -2816.000000
pnze: -2848.000000
pnze: -2928.000000
pnze: -2912.000000
pnze: -2880.000000
pnze: -2848.000000
pnze: -2832.000000
pnze: -2784.000000
pnze: -2768.000000
pnze: -2688.000000
pnze: -2672.000000
pnze: -2608.000000
pnze: -2560.000000
pnze: -2512.000000
pnze: -2480.000000
pnze: -2432.000000
pnze: -2400.000000
pnze: -2368.000000
pnze: -2320.000000
pnze: -2288.000000
pnze: -2224.000000
pnze: -2192.000000
pnze: -2160.000000
pnze: -2160.000000
pnze: -2160.000000
pnze: -2160.000000
pnze: -2160.000000
pnze: -2160.000000
pnze: -2160.000000
pnze: -2160.000000
pnze: -2160.000000
pnze: -2160.000000
pnze: -2160.000000
pnze: -2160.000000
pnze: -2160.000000
pnze: -2160.000000
pnze: -2160.000000
pnze: -2160.000000
pnze: -2160.000000
pnze: -2160.000000
pnze: -2160.000000
pnze: -2160.000000
pnze: -2160.000000
pnze: -2160.000000
pnze: -2160.000000
pnze: -2160.000000
pnze: -2224.000000
pnze: -2272.000000
pnze: -2336.000000
pnze: -2400.000000
pnze: -2464.000000
pnze: -2512.000000
pnze: -2560.000000
pnze: -2560.000000
pnze: -2560.000000
pnze: -2560.000000
pnze: -2256.000000
pnze: -2240.000000
pnze: -2224.000000
pnze: -2192.000000
pnze: -2176.000000
pnze: -2224.000000
pnze: -2272.000000
pnze: -2272.000000
pnze: -2256.000000
pnze: -2160.000000
pnze: -2160.000000
pnze: -2160.000000
pnze: -2160.000000
pnze: -2160.000000
pnze: -2160.000000
pnze: -2160.000000
pnze: -2160.000000
pnze: -2160.000000
pnze: -2160.000000
pnze: -2160.000000
pnze: -2160.000000
pnze: -2160.000000
pnze: -2160.000000
pnze: -2160.000000
pnze: -2160.000000
pnze: -2160.000000
pnze: -2160.000000
pnze: -2160.000000
pnze: -2160.000000
pnze: -2160.000000
pnze: -2160.000000
pnze: -2160.000000
pnze: -2160.000000
pnze: -2160.000000
pnze: -2160.000000
pnze: -2160.000000
pnze: -2160.000000
pnze: -2160.000000
pnze: -2160.000000
pnze: -2160.000000
pnze: -2160.000000
pnze: -2160.000000
pnze: -2160.000000
pnze: -2160.000000
pnze: -2160.000000
pnze: -2160.000000
pnze: -2160.000000
pnze: -2160.000000
pnze: -2160.000000
pnze: -2160.000000
pnze: -2160.000000
pnze: -2160.000000
pnze: -2160.000000
pnze: -2160.000000
pnze: -2160.000000
pnze: -2160.000000
pnze: -2160.000000
pnze: -2160.000000
pnze: -2160.000000
pnze: -2160.000000
pnze: -2160.000000
pnze: -2160.000000
pnze: -2160.000000
pnze: -2160.000000
pnze: -2160.000000
pnze: -2160.000000
pnze: -2160.000000
pnze: -2160.000000
pnze: -2144.000000
pnze: -2144.000000
pnze: -2144.000000
pnze: -2144.000000
pnze: -2144.000000
pnze: -2144.000000
pnze: -2144.000000
pnze: -2144.000000
pnze: -2144.000000
pnze: -2144.000000
pnze: -2144.000000
pnze: -2144.000000
pnze: -2144.000000
pnze: -2144.000000
pnze: -2144.000000
pnze: -2144.000000
pnze: -2144.000000
pnze: -2144.000000
pnze: -2144.000000
pnze: -2144.000000
pnze: -2144.000000
pnze: -2144.000000
pnze: -2144.000000
pnze: -2144.000000
pnze: -2144.000000
pnze: -2144.000000
pnze: -2144.000000
pnze: -2144.000000
pnze: -2144.000000
pnze: -2144.000000
pnze: -2144.000000
pnze: -2144.000000
pnze: -2144.000000
pnze: -2144.000000
pnze: -2144.000000
pnze: -2144.000000
pnze: -2144.000000
pnze: -2144.000000
pnze: -2144.000000
pnze: -2144.000000
pnze: -2144.000000
pnze: -2144.000000
pnze: -2144.000000
pnze: -2144.000000
pnze: -2144.000000
pnze: -2144.000000
pnze: -2144.000000
pnze: -2144.000000
pnze: -2144.000000
pnze: -2144.000000
pnze: -2144.000000
pnze: -2144.000000
pnze: -2144.000000
pnze: -2144.000000
pnze: -2144.000000
pnze: -2144.000000
pnze: -2144.000000
pnze: -2144.000000
pnze: -2144.000000
pnze: -2144.000000
pnze: -2144.000000
pnze: -2144.000000
pnze: -2144.000000
pnze: -2144.000000
pnze: -2144.000000
pnze: -2144.000000
pnze: -2144.000000
pnze: -2144.000000
pnze: -2144.000000
pnze: -2144.000000
pnze: -2144.000000
pnze: -2144.000000
pnze: -2144.000000
pnze: -2144.000000
pnze: -2144.000000
pnze: -2144.000000
pnze: -2144.000000
pnze: -2144.000000
pnze: -2144.000000
pnze: -2144.000000
pnze: -2144.000000
pnze: -2144.000000
pnze: -2144.000000
pnze: -2144.000000
pnze: -2144.000000
pnze: -2144.000000
pnze: -2144.000000
pnze: -2144.000000
pnze: -2144.000000
pnze: -2144.000000
pnze: -2144.000000
pnze: -2144.000000
pnze: -2144.000000
pnze: -2144.000000
pnze: -2144.000000
pnze: -2144.000000
pnze: -2144.000000
pnze: -2144.000000
pnze: -2144.000000
pnze: -2144.000000
pnze: -2144.000000
pnze: -2144.000000
pnze: -2144.000000
pnze: -2144.000000
pnze: -2144.000000
pnze: -2144.000000
pnze: -2144.000000
pnze: -2144.000000
pnze: -2144.000000
pnze: -2144.000000
pnze: -2144.000000
pnze: -2144.000000
pnze: -2144.000000
pnze: -2144.000000
pnze: -2144.000000
pnze: -2144.000000
pnze: -2144.000000
pnze: -2144.000000
pnze: -2144.000000
pnze: -2144.000000
pnze: -2144.000000
pnze: -2144.000000
pnze: -2144.000000
pnze: -2144.000000
pnze: -2144.000000
pnze: -2144.000000
pnze: -2144.000000
pnze: -2144.000000
pnze: -2144.000000
pnze: -2144.000000
pnze: -2144.000000
pnze: -2144.000000
pnze: -2144.000000
pnze: -2144.000000
pnze: -2144.000000
pnze: -2144.000000
pnze: -2144.000000
pnze: -2144.000000
pnze: -2144.000000
pnze: -2144.000000
pnze: -2144.000000
pnze: -2144.000000
pnze: -2144.000000
pnze: -2144.000000
pnze: -2144.000000
pnze: -2144.000000
pnze: -2144.000000
pnze: -2144.000000
pnze: -2144.000000
pnze: -2144.000000
pnze: -2144.000000
pnze: -2144.000000
pnze: -2144.000000
pnze: -2144.000000
pnze: -2144.000000
pnze: -2144.000000
pnze: -2144.000000
pnze: -2144.000000
pnze: -2144.000000
pnze: -2144.000000
pnze: -2144.000000
pnze: -2144.000000
pnze: -2144.000000
pnze: -2144.000000
pnze: -2144.000000
pnze: -2144.000000
pnze: -2144.000000
pnze: -2144.000000
pnze: -2144.000000
pnze: -2144.000000
pnze: -2144.000000
pnze: -2144.000000
pnze: -2144.000000
pnze: -2144.000000
pnze: -2144.000000
pnze: -2144.000000
pnze: -2144.000000
pnze: -2144.000000
pnze: -2144.000000
pnze: -2144.000000
pnze: -2144.000000
pnze: -2144.000000
pnze: -2144.000000
pnze: -2144.000000
pnze: -2144.000000
pnze: -2144.000000
pnze: -2112.000000
pnze: -2064.000000
pnze: -1984.000000
pnze: -1920.000000
pnze: -1888.000000
pnze: -1888.000000
pnze: -1888.000000
pnze: -1888.000000
pnze: -1888.000000
pnze: -1888.000000
pnze: -1888.000000
pnze: -1888.000000
pnze: -1888.000000
pnze: -1888.000000
pnze: -1888.000000
pnze: -1888.000000
pnze: -1888.000000
pnze: -1888.000000
pnze: -1888.000000
pnze: -1888.000000
pnze: -1888.000000
pnze: -1888.000000
pnze: -1888.000000
pnze: -1888.000000
pnze: -1888.000000
pnze: -1888.000000
pnze: -1888.000000
pnze: -1888.000000
pnze: -1888.000000
pnze: -1968.000000
pnze: -1968.000000
pnze: -2016.000000
pnze: -2016.000000
pnze: -2144.000000
pnze: -2144.000000
pnze: -2144.000000
pnze: -2144.000000
pnze: -2144.000000
pnze: -2144.000000
pnze: -2144.000000
pnze: -2144.000000
pnze: -2144.000000
pnze: -2144.000000
pnze: -2144.000000
pnze: -2144.000000
pnze: -2144.000000
pnze: -2144.000000
pnze: -2144.000000
pnze: -2144.000000
pnze: -2144.000000
pnze: -2144.000000
pnze: -2144.000000
pnze: -2144.000000
pnze: -2144.000000
pnze: -2144.000000
pnze: -2144.000000
pnze: -2144.000000
pnze: -2144.000000
pnze: -2144.000000
pnze: -2144.000000
pnze: -2144.000000
pnze: -2144.000000
pnze: -2144.000000
pnze: -2144.000000
pnze: -2144.000000
pnze: -2144.000000
pnze: -2144.000000
pnze: -2144.000000
pnze: -2144.000000
pnze: -2144.000000
pnze: -2144.000000
pnze: -2144.000000
pnze: -2144.000000
pnze: -2144.000000
pnze: -2144.000000
pnze: -2144.000000
pnze: -2144.000000
pnze: -2144.000000
pnze: -2144.000000
pnze: -2144.000000
pnze: -2144.000000
pnze: -2144.000000
pnze: -2144.000000
pnze: -2144.000000
pnze: -2144.000000
pnze: -1888.000000
pnze: -2144.000000
pnze: -2144.000000
pnze: -2144.000000
pnze: -2144.000000
pnze: -1984.000000
pnze: -1968.000000
pnze: -1968.000000
pnze: -1968.000000
pnze: -1984.000000
pnze: -1984.000000
pnze: -1984.000000
pnze: -1984.000000
pnze: -1936.000000
pnze: -1968.000000
pnze: -1952.000000
pnze: -2144.000000
pnze: -2144.000000
pnze: -2064.000000
pnze: -2048.000000
pnze: -2096.000000
pnze: -2112.000000
pnze: -2000.000000
pnze: -2032.000000
pnze: -1984.000000
pnze: -1984.000000
pnze: -2000.000000
pnze: -2000.000000
pnze: -2000.000000
pnze: -2080.000000
pnze: -1984.000000
pnze: -1920.000000
pnze: -2128.000000
pnze: -2144.000000
pnze: -2144.000000
pnze: -2144.000000
pnze: -2144.000000
pnze: -2144.000000
pnze: -2144.000000
pnze: -2144.000000
pnze: -2144.000000
pnze: -2144.000000
pnze: -2144.000000
pnze: -2144.000000
pnze: -2144.000000
pnze: -2144.000000
pnze: -2144.000000
pnze: -2144.000000
pnze: -2144.000000
pnze: -2144.000000
pnze: -2144.000000
pnze: -2144.000000
pnze: -2144.000000
pnze: -2144.000000
pnze: -2144.000000
pnze: -2144.000000
pnze: -2144.000000
pnze: -2144.000000
pnze: -2144.000000
pnze: -2144.000000
pnze: -2144.000000
pnze: -2144.000000
pnze: -2144.000000
pnze: -2144.000000
pnze: -2144.000000
pnze: -2144.000000
pnze: -2144.000000
pnze: -2144.000000
pnze: -2144.000000
pnze: -2144.000000
pnze: -2144.000000
pnze: -2144.000000
pnze: -2144.000000
pnze: -2144.000000
pnze: -2144.000000
pnze: -2144.000000
pnze: -2144.000000
pnze: -2144.000000
pnze: -2144.000000
pnze: -2144.000000
pnze: -2144.000000
pnze: -2112.000000
pnze: 16.000000
pnze: 16.000000
pnze: 16.000000
pnze: 16.000000
pnze: 16.000000
pnze: 16.000000
pnze: 16.000000
pnze: 16.000000
pnze: 16.000000
pnze: 16.000000
pnze: 16.000000
pnze: 16.000000
pnze: 16.000000
pnze: 16.000000
pnze: 16.000000
pnze: 16.000000
pnze: 16.000000
pnze: 16.000000
pnze: 16.000000
pnze: 16.000000
pnze: 16.000000
pnze: 16.000000
pnze: 16.000000
pnze: 16.000000
pnze: 16.000000
pnze: 16.000000
pnze: 16.000000
pnze: 16.000000
pnze: 16.000000
pnze: 32.000000
pnze: 16.000000
pnze: 16.000000
pnze: 64.000000
pnze: 16.000000
pnze: 32.000000
pnze: 16.000000
pnze: 16.000000
pnze: 16.000000
pnze: 16.000000
pnze: 16.000000
pnze: 16.000000
pnze: 16.000000
pnze: 16.000000
pnze: 16.000000
pnze: 16.000000
pnze: 16.000000
pnze: 16.000000
pnze: 16.000000
pnze: 16.000000
pnze: 48.000000
pnze: 16.000000
pnze: 16.000000
pnze: 16.000000
pnze: 16.000000
pnze: 16.000000
pnze: 16.000000
pnze: 16.000000
pnze: 16.000000
pnze: 16.000000
pnze: 16.000000
pnze: 16.000000
pnze: 16.000000
pnze: 16.000000
pnze: 16.000000
pnze: 16.000000
pnze: 16.000000
pnze: 16.000000
pnze: 16.000000
pnze: 16.000000
pnze: 16.000000
pnze: 16.000000
pnze: 16.000000
pnze: 16.000000
pnze: 16.000000
pnze: 16.000000
pnze: 16.000000
pnze: 16.000000
pnze: 16.000000
pnze: 16.000000
pnze: 16.000000
pnze: 16.000000
pnze: 16.000000
pnze: 16.000000
pnze: 16.000000
pnze: 16.000000
pnze: 16.000000
pnze: 16.000000
pnze: 16.000000
pnze: 16.000000
pnze: 16.000000
pnze: 16.000000
pnze: 16.000000
pnze: 16.000000
pnze: 16.000000
pnze: 16.000000
pnze: 16.000000
pnze: 16.000000
pnze: 16.000000
pnze: 16.000000
pnze: 16.000000
pnze: 16.000000
pnze: 16.000000
pnze: 16.000000
pnze: 16.000000
pnze: 16.000000
pnze: 16.000000
pnze: 16.000000
pnze: 16.000000
pnze: 16.000000
pnze: 16.000000
pnze: 16.000000
pnze: 16.000000
pnze: 16.000000
pnze: 16.000000
pnze: 16.000000
pnze: 16.000000
pnze: 16.000000
pnze: 16.000000
pnze: 16.000000
pnze: 16.000000
pnze: 16.000000
pnze: 16.000000
pnze: 16.000000
pnze: 16.000000
pnze: 16.000000
pnze: 16.000000
pnze: 16.000000
pnze: 16.000000
pnze: 16.000000
pnze: 16.000000
pnze: 16.000000
pnze: 16.000000
pnze: 16.000000
pnze: 16.000000
pnze: 16.000000
pnze: 16.000000
pnze: 16.000000
pnze: 16.000000
pnze: 16.000000
pnze: 16.000000
pnze: 16.000000
pnze: 16.000000
pnze: 16.000000
pnze: 16.000000
pnze: 16.000000
pnze: 16.000000
pnze: 16.000000
pnze: 16.000000
pnze: 16.000000
pnze: 16.000000
pnze: 16.000000
pnze: 16.000000
pnze: 16.000000
pnze: 16.000000
pnze: 16.000000
pnze: 16.000000
pnze: 16.000000
pnze: 16.000000
pnze: 16.000000
pnze: 16.000000
pnze: 16.000000
pnze: 16.000000
pnze: 16.000000
pnze: 16.000000
pnze: 16.000000
pnze: 16.000000
pnze: 16.000000
pnze: 16.000000
pnze: 16.000000
pnze: 16.000000
pnze: 16.000000
pnze: 16.000000
pnze: 16.000000
pnze: 16.000000
pnze: 16.000000
pnze: 16.000000
pnze: 16.000000
pnze: 16.000000
pnze: 16.000000
pnze: 16.000000
pnze: 16.000000
pnze: 16.000000
pnze: 16.000000
pnze: 16.000000
pnze: 16.000000
pnze: 16.000000
pnze: 16.000000
pnze: 16.000000
pnze: 16.000000
pnze: 16.000000
pnze: 16.000000
pnze: 16.000000
pnze: 16.000000
pnze: 16.000000
pnze: 16.000000
pnze: 16.000000
pnze: 16.000000
pnze: 16.000000
pnze: 16.000000
pnze: 16.000000
pnze: 16.000000
pnze: 16.000000
pnze: 16.000000
pnze: 16.000000
pnze: 16.000000
pnze: 16.000000
pnze: 16.000000
pnze: 16.000000
pnze: 16.000000
pnze: 16.000000
pnze: 16.000000
pnze: 16.000000
pnze: 16.000000
pnze: 16.000000
pnze: 16.000000
pnze: 16.000000
pnze: 16.000000
pnze: 16.000000
pnze: 16.000000
pnze: 16.000000
pnze: 16.000000
pnze: 16.000000
pnze: 16.000000
pnze: -2144.000000
pnze: -2144.000000
pnze: -2144.000000
pnze: -2144.000000
pnze: -2144.000000
pnze: -2144.000000
pnze: -1984.000000
pnze: -2000.000000
pnze: -2000.000000
pnze: -2000.000000
pnze: -2016.000000
pnze: -2000.000000
pnze: -2000.000000
pnze: -1552.000000
pnze: -1600.000000
pnze: -1616.000000
pnze: -1680.000000
pnze: -1744.000000
pnze: -1808.000000
pnze: -1856.000000
pnze: -1920.000000
pnze: -1984.000000
pnze: -2048.000000
pnze: -2112.000000
pnze: -2160.000000
pnze: -2224.000000
pnze: -2288.000000
pnze: -2352.000000
pnze: -2368.000000
pnze: -2368.000000
pnze: -2368.000000
pnze: -2368.000000
pnze: -2368.000000
pnze: -2368.000000
pnze: -2368.000000
pnze: -2368.000000
pnze: -2368.000000
pnze: -2368.000000
pnze: -2368.000000
pnze: -2368.000000
pnze: -2368.000000
pnze: -2352.000000
pnze: -2320.000000
pnze: -2272.000000
pnze: -2240.000000
pnze: -2192.000000
pnze: -2160.000000
pnze: -2096.000000
pnze: -2048.000000
pnze: -2016.000000
pnze: -1968.000000
pnze: -1936.000000
pnze: -1904.000000
pnze: -1856.000000
pnze: -1824.000000
pnze: -1808.000000
pnze: -1776.000000
pnze: -1776.000000
pnze: -1808.000000
pnze: -1872.000000
pnze: -1920.000000
pnze: -1984.000000
pnze: -2016.000000
pnze: -2048.000000
pnze: -2064.000000
pnze: -1808.000000
pnze: -1808.000000
pnze: -1808.000000
pnze: -1760.000000
pnze: -1728.000000
pnze: -1696.000000
pnze: -1648.000000
pnze: -1616.000000
pnze: -1584.000000
pnze: -1568.000000
pnze: -1568.000000
pnze: -1568.000000
pnze: -1568.000000
pnze: -1568.000000
pnze: -1568.000000
pnze: -1568.000000
pnze: -1568.000000
pnze: -1568.000000
pnze: -1568.000000
pnze: -1568.000000
pnze: -1568.000000
pnze: -1568.000000
pnze: -1568.000000
pnze: -1568.000000
pnze: -1568.000000
pnze: -976.000000
pnze: -912.000000
pnze: -864.000000
pnze: -800.000000
pnze: -720.000000
pnze: -624.000000
pnze: -544.000000
pnze: -496.000000
pnze: -432.000000
pnze: -352.000000
pnze: -288.000000
pnze: -208.000000
pnze: -128.000000
pnze: -64.000000
pnze: 0.000000
pnze: 16.000000
pnze: 64.000000
pnze: 96.000000
pnze: 128.000000
pnze: 160.000000
pnze: 192.000000
pnze: 240.000000
pnze: 128.000000
pnze: 336.000000
pnze: 368.000000
pnze: 128.000000
pnze: 272.000000
pnze: 416.000000
pnze: 512.000000
pnze: 576.000000
pnze: 32784.000000
pnze: 32784.000000
pnze: 32784.000000
pnze: 32784.000000
pnze: 32784.000000
pnze: 32784.000000
pnze: 32784.000000
pnze: 32784.000000
pnze: 32784.000000
pnze: 32784.000000
pnze: 32784.000000
pnze: 32784.000000
pnze: 32784.000000
pnze: 32784.000000
pnze: 32784.000000
pnze: 32784.000000
pnze: 32784.000000
pnze: 32784.000000
pnze: 32784.000000
pnze: 32784.000000
pnze: 32784.000000
pnze: 32784.000000
pnze: 32784.000000
pnze: 32784.000000
pnze: 32784.000000
pnze: 32784.000000
pnze: 32784.000000
pnze: 32784.000000
pnze: 32784.000000
pnze: 32784.000000
pnze: 32784.000000
pnze: 32784.000000
pnze: 32784.000000
pnze: 32784.000000
pnze: 32784.000000
pnze: 32784.000000
pnze: 32784.000000
pnze: 32784.000000
pnze: 32784.000000
pnze: 32784.000000
pnze: 32784.000000
pnze: 32784.000000
pnze: 32784.000000
pnze: 32784.000000
pnze: 32784.000000
pnze: 32784.000000
pnze: 32784.000000
pnze: 32784.000000
pnze: -144.000000
pnze: -144.000000
pnze: -144.000000
pnze: -144.000000
pnze: -128.000000
pnze: -144.000000
pnze: -144.000000
pnze: -144.000000
pnze: -144.000000
pnze: -128.000000
pnze: -160.000000
pnze: -144.000000
pnze: -144.000000
pnze: -144.000000
pnze: -160.000000
pnze: -144.000000
pnze: -144.000000
pnze: -160.000000
pnze: -80.000000
pnze: -160.000000
pnze: -256.000000
pnze: -288.000000
pnze: -288.000000
pnze: -288.000000
pnze: -288.000000
pnze: -288.000000
pnze: -288.000000
pnze: -288.000000
pnze: -288.000000
Log: appRequestExit(0) Closing by request: QUIT
Exit: Preparing to exit.
Log: Unbound to Engine.dll
Log: Unbound to Core.dll
Log: Unbound to Window.dll
Exit: Game engine shut down
Log: Unbound to PhysXPhysics.dll
PhysX: End PhysX scene 1CB6FA20 - EntryII.MyLevel
PhysX: End PhysX scene 26860240 - duskfalls.MyLevel
Exit: Shutting down PhysX physics engine.
Log: Unbound to WinDrv.dll
Log: DirectDraw End Mode
Log: Flushing cache
Exit: DirectDraw released
Exit: Windows client shut down
Log: Unbound to Render.dll
Exit: Lighting subsystem shut down
Exit: Rendering shut down
Log: Unbound to Fire.dll
Log: Unbound to Emitter.dll
Log: Unbound to Editor.dll
Log: Unbound to IpDrv.dll
Log: Unbound to OpenGLDrv.dll
Log: Unbound to ALAudio.dll
Exit: ALAudio: subsystem shut down.
Exit: ALAudio: Audio subsystem shut down.
Log: Unbound to UWebAdmin.dll
Log: Unbound to UPak.dll
Exit: Object subsystem successfully closed.
Exit: Shutdown multi-threading took 0.19 MS
Exit: Exiting.
Log: Memory Allocation Status
Log: Curr Memory  2.901M /  4.188M
Log: Peak Memory  442.866M /  444.539M
Log: Allocs           0 Current /      0 Total
Log: Log file closed, 01/17/26 16:24:26
